Timeout: 14400 seconds
Heap restriction: 2048 MB
Command: (../../hsp_f -strict -dba-semantics -rm -cost -rAH -use-lse -bfs  -v 0 -ipc domain.pddl hyp_3_problem.pddl > hyp_3_problem.soln) >> hyp_3_problem.log 2>&1

instantiating...
preprocessing...
0 implied goals found
instance intrusion-detection::intrusion-detection-10-hosts built in 0 seconds
14 atoms (3 goals), 0 resources (0 reusable, 0 consumable), 14 actions, 0 invariants
constructing reversed instance...
reversed instance: 28 atoms (14 goals), 14 actions, 
computing heuristic...
computing h^1...
14 action pre-partitions...
8 additive H2 built
6 useless action sets detected
h^2 compiled: 1 pairs, complete = 1
h^2 compiled: 2 pairs, complete = 1
h^2 compiled: 1 pairs, complete = 1
h^2 compiled: 28 pairs, complete = 1
h^2 compiled: 1 pairs, complete = 1
h^2 compiled: 1 pairs, complete = 1
h^2 compiled: 28 pairs, complete = 1
h^2 compiled: 28 pairs, complete = 1
heuristic computed in 0.004 seconds (0 nodes, 0.004 seconds, 5404k heap, 0k stack)
search root: {}
estimated goal cost: 8
using A*...
searching...
search complete (117 nodes, 0.008 seconds, 5544k heap, 0k stack)

Time spent: 0.010 seconds
