Timeout: 14400 seconds
Heap restriction: 2048 MB
Command: (../../hsp_f -strict -dba-semantics -rm -cost -rAH -use-lse -bfs  -v 0 -ipc domain.pddl hyp_8_problem.pddl > hyp_8_problem.soln) >> hyp_8_problem.log 2>&1

instantiating...
preprocessing...
0 implied goals found
instance intrusion-detection::intrusion-detection-10-hosts built in 0 seconds
16 atoms (3 goals), 0 resources (0 reusable, 0 consumable), 16 actions, 0 invariants
constructing reversed instance...
reversed instance: 32 atoms (16 goals), 16 actions, 
computing heuristic...
computing h^1...
16 action pre-partitions...
9 additive H2 built
7 useless action sets detected
h^2 compiled: 1 pairs, complete = 1
h^2 compiled: 1 pairs, complete = 1
h^2 compiled: 1 pairs, complete = 1
h^2 compiled: 1 pairs, complete = 1
h^2 compiled: 1 pairs, complete = 1
h^2 compiled: 32 pairs, complete = 1
h^2 compiled: 32 pairs, complete = 1
h^2 compiled: 1 pairs, complete = 1
h^2 compiled: 32 pairs, complete = 1
heuristic computed in 0.004 seconds (0 nodes, 0.004 seconds, 5536k heap, 0k stack)
search root: {}
estimated goal cost: 9
using A*...
searching...
search complete (318 nodes, 0.02 seconds, 5688k heap, 0k stack)

Time spent: 0.020 seconds
