Timeout: 14400 seconds
Heap restriction: 2048 MB
Command: (../../hsp_f -strict -dba-semantics -rm -cost -rAH -use-lse -bfs  -v 0 -ipc domain.pddl hyp_0_problem.pddl > hyp_0_problem.soln) >> hyp_0_problem.log 2>&1

instantiating...
preprocessing...
0 implied goals found
instance intrusion-detection::intrusion-detection-10-hosts built in 0 seconds
20 atoms (10 goals), 0 resources (0 reusable, 0 consumable), 20 actions, 0 invariants
constructing reversed instance...
reversed instance: 40 atoms (20 goals), 20 actions, 
computing heuristic...
computing h^1...
20 action pre-partitions...
20 additive H2 built
h^2 compiled: 1 pairs, complete = 1
h^2 compiled: 1 pairs, complete = 1
h^2 compiled: 1 pairs, complete = 1
h^2 compiled: 1 pairs, complete = 1
h^2 compiled: 1 pairs, complete = 1
h^2 compiled: 1 pairs, complete = 1
h^2 compiled: 1 pairs, complete = 1
h^2 compiled: 1 pairs, complete = 1
h^2 compiled: 1 pairs, complete = 1
h^2 compiled: 1 pairs, complete = 1
h^2 compiled: 40 pairs, complete = 1
h^2 compiled: 40 pairs, complete = 1
h^2 compiled: 40 pairs, complete = 1
h^2 compiled: 40 pairs, complete = 1
h^2 compiled: 40 pairs, complete = 1
h^2 compiled: 40 pairs, complete = 1
h^2 compiled: 40 pairs, complete = 1
h^2 compiled: 40 pairs, complete = 1
h^2 compiled: 40 pairs, complete = 1
h^2 compiled: 40 pairs, complete = 1
heuristic computed in 0.012 seconds (0 nodes, 0.012 seconds, 5932k heap, 0k stack)
search root: {}
estimated goal cost: 20
using A*...
searching...
search complete (20 nodes, 0.02 seconds, 6100k heap, 0k stack)

Time spent: 0.020 seconds
